<beans xmlns="http://www.springframework.org/schema/beans"
	   xmlns:xsi="http://www.w3.org/2001/XMLSchema-instance"
       xmlns:p="http://www.springframework.org/schema/p"
	   xmlns:context="http://www.springframework.org/schema/context"
       xmlns:orcl="http://www.springframework.org/schema/data/orcl"
	   xsi:schemaLocation="http://www.springframework.org/schema/beans
	      https://www.springframework.org/schema/beans/spring-beans-3.0.xsd
	      http://www.springframework.org/schema/context
	      https://www.springframework.org/schema/context/spring-context-3.0.xsd
	      http://www.springframework.org/schema/data/orcl
	      https://www.springframework.org/schema/data/orcl/spring-data-orcl-1.0.xsd">

    <orcl:pooling-datasource id="simpleDataSource"
        url="jdbc:" username="spring" password="test"/>

    <orcl:pooling-datasource id="classpathPropertyFileDataSource"
        url="jdbc:"
        properties-location="classpath:org/springframework/data/jdbc/config/oracle/test-orcl.properties">
        <orcl:connection-properties>
            xxx=/test
            yyy=OK
            zzz=1024
        </orcl:connection-properties>
    </orcl:pooling-datasource>

    <orcl:pooling-datasource id="localPropertyFileDataSource"
        url="jdbc:"
        properties-location="file:${test.home}/resources/org/springframework/data/jdbc/config/oracle/test-orcl.properties">
        <orcl:connection-properties>
            xxx=/test
            yyy=OK
            zzz=1024
        </orcl:connection-properties>
    </orcl:pooling-datasource>

    <orcl:pooling-datasource id="connectionPropertiesDataSource"
        url="jdbc:"
        connection-caching-enabled="true">
        <orcl:connection-properties>
            user=spring
            password=spring
            processEscapes=true
        </orcl:connection-properties>
        <orcl:connection-cache-properties>
            InitialLimit=10
        </orcl:connection-cache-properties>
    </orcl:pooling-datasource>

    <orcl:pooling-datasource id="cachingByDefaultDataSource"
        url="jdbc:">
    </orcl:pooling-datasource>

    <orcl:pooling-datasource id="nonCachingDataSource"
        url="jdbc:"
        connection-caching-enabled="false">
    </orcl:pooling-datasource>

    <orcl:pooling-datasource id="nonCachingDataSourceUsingProperties"
        url="jdbc:" username="test"
        properties-location="classpath:org/springframework/data/jdbc/config/oracle/test-nocache-orcl.properties">
    </orcl:pooling-datasource>

    <orcl:pooling-datasource id="proxyDataSource"
        url="jdbc:" username="spring" password="test">
        <orcl:username-connection-proxy connection-context-provider="usernameProvider"/>
    </orcl:pooling-datasource>

    <orcl:pooling-datasource id="proxyWithPasswordDataSource"
        url="jdbc:" username="spring" password="test">
        <orcl:username-connection-proxy connection-context-provider="usernamePasswordProvider"/>
    </orcl:pooling-datasource>

    <bean id="usernameProvider" class="org.springframework.data.jdbc.test.CurrentUsernameProvider"/>

    <bean id="usernamePasswordProvider" class="org.springframework.data.jdbc.test.CurrentUsernamePasswordProvider"/>

    <orcl:pooling-datasource id="proxyDataSourceWithoutContext"
        url="jdbc:" username="spring" password="test">
        <orcl:username-connection-proxy/>
    </orcl:pooling-datasource>

    <orcl:rac-failover-interceptor id="racFailoverInterceptor"
            recoverable-error-codes="1234,1245,1277,1333,2321,5232"
            max-number-of-retries="22"
            back-off-policy="backOffPolicy"/>

    <bean id="backOffPolicy" class="org.springframework.retry.backoff.NoBackOffPolicy"/>

    <orcl:aq-jms-connection-factory id="aqConnectionFactory"
        use-local-data-source-transaction="true"
        native-jdbc-extractor="nativeJdbcExtractor"
        data-source="simpleDataSource" />

    <orcl:aq-jms-connection-factory id="aqQueueConnectionFactory"
        use-local-data-source-transaction="true"
        connection-factory-type="QUEUE_CONNECTION"
        data-source="simpleDataSource" />

    <orcl:aq-jms-connection-factory id="aqTopicConnectionFactory"
        use-local-data-source-transaction="true"
        connection-factory-type="TOPIC_CONNECTION"
        data-source="simpleDataSource" />

    <bean id="nativeJdbcExtractor"
          class="org.springframework.jdbc.support.nativejdbc.Jdbc4NativeJdbcExtractor"/>

</beans>
